<?xml version="1.0" encoding="UTF-8"?>
<!-- Generated by org.testng.reporters.JUnitReportReporter -->
<testsuite skipped="0" hostname="DESKTOP-E9QUGJ2" name="testCases.CreateAccount" tests="1" failures="0" timestamp="2021-04-03T18:18:33 IST" time="39.025" errors="0">
  <testcase name="addAccount" time="39.025" classname="testCases.CreateAccount"/>
  <system-out/>
</testsuite> <!-- testCases.CreateAccount -->
