<?xml version="1.0" encoding="UTF-8"?>
<!-- Generated by org.testng.reporters.JUnitReportReporter -->
<testsuite skipped="0" hostname="DESKTOP-E9QUGJ2" name="testCases.CreateAccount" tests="1" failures="0" timestamp="2021-04-09T01:17:53 IST" time="44.624" errors="0">
  <testcase name="addAccount" time="44.624" classname="testCases.CreateAccount"/>
  <system-out/>
</testsuite> <!-- testCases.CreateAccount -->
