<?xml version="1.0" encoding="UTF-8"?>
<!-- Generated by org.testng.reporters.JUnitReportReporter -->
<testsuite skipped="0" hostname="DESKTOP-E9QUGJ2" name="testCases.CreateAccount" tests="4" failures="0" timestamp="2021-04-08T23:27:20 IST" time="110.120" errors="0">
  <testcase name="addAccount" time="28.690" classname="testCases.CreateAccount"/>
  <system-out/>
  <testcase name="addAccount" time="26.587" classname="testCases.CreateAccount"/>
  <system-out/>
  <testcase name="addAccount" time="26.144" classname="testCases.CreateAccount"/>
  <system-out/>
  <testcase name="addAccount" time="28.699" classname="testCases.CreateAccount"/>
  <system-out/>
</testsuite> <!-- testCases.CreateAccount -->
