<?xml version="1.0" encoding="UTF-8"?>
<!-- Generated by org.testng.reporters.JUnitReportReporter -->
<testsuite hostname="Nitins-MacBook-Air.local" failures="0" tests="1" name="utilities.Testing" time="0.011" errors="0" timestamp="2021-04-02T15:23:02 IST" skipped="0">
  <testcase classname="utilities.Testing" name="test1" time="0.011"/>
  <system-out/>
</testsuite> <!-- utilities.Testing -->
