<?xml version="1.0" encoding="UTF-8"?>
<!-- Generated by org.testng.reporters.JUnitReportReporter -->
<testsuite hostname="DESKTOP-E9QUGJ2" failures="0" tests="4" name="testCases.CreateAccount" time="109.998" errors="0" timestamp="2021-04-08T23:30:39 IST" skipped="0">
  <testcase classname="testCases.CreateAccount" name="addAccount" time="30.063"/>
  <system-out/>
  <testcase classname="testCases.CreateAccount" name="addAccount" time="29.587"/>
  <system-out/>
  <testcase classname="testCases.CreateAccount" name="addAccount" time="25.719"/>
  <system-out/>
  <testcase classname="testCases.CreateAccount" name="addAccount" time="24.629"/>
  <system-out/>
</testsuite> <!-- testCases.CreateAccount -->
